<?xml version="1.0" encoding="UTF-8"?>
<testsuite name="Valid transitions" tests="4" skipped="0" failures="0" errors="0" timestamp="2026-07-18T07:51:27" hostname="AIRW64S3XT3" time="0.166">
  <properties/>
  <testcase name="should allow TODO → IN_PROGRESS" classname="com.atlasops.shared.sdd.TaskStatusTest$ValidTransitions" time="0.001"/>
  <testcase name="should allow TODO → DONE" classname="com.atlasops.shared.sdd.TaskStatusTest$ValidTransitions" time="0.07"/>
  <testcase name="should allow IN_PROGRESS → DONE" classname="com.atlasops.shared.sdd.TaskStatusTest$ValidTransitions" time="0.003"/>
  <testcase name="should allow IN_PROGRESS → BLOCKED" classname="com.atlasops.shared.sdd.TaskStatusTest$ValidTransitions" time="0.063"/>
  <system-out><![CDATA[]]></system-out>
  <system-err><![CDATA[]]></system-err>
</testsuite>
