<?xml version="1.0" encoding="UTF-8"?>
<testsuite name="Round-trip (parse → render)" tests="4" skipped="0" failures="0" errors="0" timestamp="2026-07-18T07:51:26" hostname="AIRW64S3XT3" time="0.042">
  <properties/>
  <testcase name="should roundtrip TODO task" classname="com.atlasops.shared.sdd.TaskItemTest$RoundTrip" time="0.023"/>
  <testcase name="should roundtrip BLOCKED task" classname="com.atlasops.shared.sdd.TaskItemTest$RoundTrip" time="0.003"/>
  <testcase name="should roundtrip IN_PROGRESS task" classname="com.atlasops.shared.sdd.TaskItemTest$RoundTrip" time="0.003"/>
  <testcase name="should roundtrip DONE task" classname="com.atlasops.shared.sdd.TaskItemTest$RoundTrip" time="0.007"/>
  <system-out><![CDATA[]]></system-out>
  <system-err><![CDATA[]]></system-err>
</testsuite>
