<?xml version="1.0" encoding="UTF-8"?>
<testsuite name="com.atlasops.shared.harness.CrossSandboxIsolationPropertyTest" tests="7" skipped="0" failures="0" errors="0" timestamp="2026-07-18T07:51:42" hostname="AIRW64S3XT3" time="1.888">
  <properties/>
  <testcase name="isolation shouldHoldForAllResourceTypes whenTwoSandboxesAreActive" classname="com.atlasops.shared.harness.CrossSandboxIsolationPropertyTest" time="0.742"/>
  <testcase name="sandboxA shouldBeRejected whenAccessingSandboxBDatabase" classname="com.atlasops.shared.harness.CrossSandboxIsolationPropertyTest" time="0.183"/>
  <testcase name="sandboxA shouldBeRejected whenAccessingSandboxBBranch" classname="com.atlasops.shared.harness.CrossSandboxIsolationPropertyTest" time="0.241"/>
  <testcase name="sandboxA shouldBeRejected whenAccessingSandboxBBucket" classname="com.atlasops.shared.harness.CrossSandboxIsolationPropertyTest" time="0.073"/>
  <testcase name="sandbox shouldBeAllowed whenAccessingOwnDatabase" classname="com.atlasops.shared.harness.CrossSandboxIsolationPropertyTest" time="0.281"/>
  <testcase name="sandbox shouldBeAllowed whenAccessingOwnBranch" classname="com.atlasops.shared.harness.CrossSandboxIsolationPropertyTest" time="0.207"/>
  <testcase name="sandbox shouldBeAllowed whenAccessingOwnBucket" classname="com.atlasops.shared.harness.CrossSandboxIsolationPropertyTest" time="0.15"/>
  <system-out><![CDATA[timestamp = 2026-07-18T04:51:43.080972900, CrossSandboxIsolationPropertyTest:isolation shouldHoldForAllResourceTypes whenTwoSandboxesAreActive = 
                              |-----------------------jqwik-----------------------
tries = 100                   | # of calls to property
checks = 100                  | # of not rejected calls
generation = RANDOMIZED       | parameters are randomly generated
after-failure = SAMPLE_FIRST  | try previously failed sample, then previous seed
when-fixed-seed = ALLOW       | fixing the random seed is allowed
edge-cases#mode = MIXIN       | edge cases are mixed in
edge-cases#total = 128        | # of all combined edge cases
edge-cases#tried = 14         | # of edge cases tried in current run
seed = -4742621634428992707   | random seed to reproduce generated values


timestamp = 2026-07-18T04:51:43.264784300, CrossSandboxIsolationPropertyTest:sandboxA shouldBeRejected whenAccessingSandboxBDatabase = 
                              |-----------------------jqwik-----------------------
tries = 100                   | # of calls to property
checks = 100                  | # of not rejected calls
generation = RANDOMIZED       | parameters are randomly generated
after-failure = SAMPLE_FIRST  | try previously failed sample, then previous seed
when-fixed-seed = ALLOW       | fixing the random seed is allowed
edge-cases#mode = MIXIN       | edge cases are mixed in
edge-cases#total = 128        | # of all combined edge cases
edge-cases#tried = 13         | # of edge cases tried in current run
seed = -4304743111978488663   | random seed to reproduce generated values


timestamp = 2026-07-18T04:51:43.507742800, CrossSandboxIsolationPropertyTest:sandboxA shouldBeRejected whenAccessingSandboxBBranch = 
                              |-----------------------jqwik-----------------------
tries = 100                   | # of calls to property
checks = 100                  | # of not rejected calls
generation = RANDOMIZED       | parameters are randomly generated
after-failure = SAMPLE_FIRST  | try previously failed sample, then previous seed
when-fixed-seed = ALLOW       | fixing the random seed is allowed
edge-cases#mode = MIXIN       | edge cases are mixed in
edge-cases#total = 128        | # of all combined edge cases
edge-cases#tried = 11         | # of edge cases tried in current run
seed = -6112888770407010871   | random seed to reproduce generated values


timestamp = 2026-07-18T04:51:43.582440, CrossSandboxIsolationPropertyTest:sandboxA shouldBeRejected whenAccessingSandboxBBucket = 
                              |-----------------------jqwik-----------------------
tries = 100                   | # of calls to property
checks = 100                  | # of not rejected calls
generation = RANDOMIZED       | parameters are randomly generated
after-failure = SAMPLE_FIRST  | try previously failed sample, then previous seed
when-fixed-seed = ALLOW       | fixing the random seed is allowed
edge-cases#mode = MIXIN       | edge cases are mixed in
edge-cases#total = 128        | # of all combined edge cases
edge-cases#tried = 21         | # of edge cases tried in current run
seed = -1744567872657656191   | random seed to reproduce generated values


timestamp = 2026-07-18T04:51:43.834612600, CrossSandboxIsolationPropertyTest:sandbox shouldBeAllowed whenAccessingOwnDatabase = 
                              |-----------------------jqwik-----------------------
tries = 100                   | # of calls to property
checks = 100                  | # of not rejected calls
generation = RANDOMIZED       | parameters are randomly generated
after-failure = SAMPLE_FIRST  | try previously failed sample, then previous seed
when-fixed-seed = ALLOW       | fixing the random seed is allowed
edge-cases#mode = MIXIN       | edge cases are mixed in
edge-cases#total = 16         | # of all combined edge cases
edge-cases#tried = 16         | # of edge cases tried in current run
seed = -9133834148392705851   | random seed to reproduce generated values


timestamp = 2026-07-18T04:51:44.065570200, CrossSandboxIsolationPropertyTest:sandbox shouldBeAllowed whenAccessingOwnBranch = 
                              |-----------------------jqwik-----------------------
tries = 100                   | # of calls to property
checks = 100                  | # of not rejected calls
generation = RANDOMIZED       | parameters are randomly generated
after-failure = SAMPLE_FIRST  | try previously failed sample, then previous seed
when-fixed-seed = ALLOW       | fixing the random seed is allowed
edge-cases#mode = MIXIN       | edge cases are mixed in
edge-cases#total = 16         | # of all combined edge cases
edge-cases#tried = 10         | # of edge cases tried in current run
seed = 6647635714527597791    | random seed to reproduce generated values


timestamp = 2026-07-18T04:51:44.221718800, CrossSandboxIsolationPropertyTest:sandbox shouldBeAllowed whenAccessingOwnBucket = 
                              |-----------------------jqwik-----------------------
tries = 100                   | # of calls to property
checks = 100                  | # of not rejected calls
generation = RANDOMIZED       | parameters are randomly generated
after-failure = SAMPLE_FIRST  | try previously failed sample, then previous seed
when-fixed-seed = ALLOW       | fixing the random seed is allowed
edge-cases#mode = MIXIN       | edge cases are mixed in
edge-cases#total = 16         | # of all combined edge cases
edge-cases#tried = 13         | # of edge cases tried in current run
seed = 2969508766668616658    | random seed to reproduce generated values


]]></system-out>
  <system-err><![CDATA[jul. 18, 2026 4:51:42 AM net.jqwik.engine.properties.RandomizedShrinkablesGenerator logEdgeCasesOutnumberTriesIfApplicable
INFORMAÇÕES: Edge case generation exceeds number of tries. Stopped after 128 generated cases.
jul. 18, 2026 4:51:43 AM net.jqwik.engine.properties.RandomizedShrinkablesGenerator logEdgeCasesOutnumberTriesIfApplicable
INFORMAÇÕES: Edge case generation exceeds number of tries. Stopped after 128 generated cases.
jul. 18, 2026 4:51:43 AM net.jqwik.engine.properties.RandomizedShrinkablesGenerator logEdgeCasesOutnumberTriesIfApplicable
INFORMAÇÕES: Edge case generation exceeds number of tries. Stopped after 128 generated cases.
jul. 18, 2026 4:51:43 AM net.jqwik.engine.properties.RandomizedShrinkablesGenerator logEdgeCasesOutnumberTriesIfApplicable
INFORMAÇÕES: Edge case generation exceeds number of tries. Stopped after 128 generated cases.
]]></system-err>
</testsuite>
