<?xml version="1.0" encoding="UTF-8"?>
<testsuite name="render" tests="5" skipped="0" failures="0" errors="0" timestamp="2026-07-18T07:51:26" hostname="AIRW64S3XT3" time="0.263">
  <properties/>
  <testcase name="should render DONE task" classname="com.atlasops.shared.sdd.TaskMarkdownRendererTest$Render" time="0.002"/>
  <testcase name="should render TODO task" classname="com.atlasops.shared.sdd.TaskMarkdownRendererTest$Render" time="0.002"/>
  <testcase name="should throw on null task" classname="com.atlasops.shared.sdd.TaskMarkdownRendererTest$Render" time="0.009"/>
  <testcase name="should render BLOCKED task" classname="com.atlasops.shared.sdd.TaskMarkdownRendererTest$Render" time="0.155"/>
  <testcase name="should render IN_PROGRESS task" classname="com.atlasops.shared.sdd.TaskMarkdownRendererTest$Render" time="0.012"/>
  <system-out><![CDATA[]]></system-out>
  <system-err><![CDATA[]]></system-err>
</testsuite>
