<?xml version="1.0" encoding="UTF-8"?>
<testsuite name="com.atlasops.shared.domain.EntityTest" tests="5" skipped="0" failures="0" errors="0" timestamp="2026-07-18T07:51:19" hostname="AIRW64S3XT3" time="0.042">
  <properties/>
  <testcase name="should_notBeEqual_when_comparedToNull()" classname="com.atlasops.shared.domain.EntityTest" time="0.003"/>
  <testcase name="should_throwException_when_nullId()" classname="com.atlasops.shared.domain.EntityTest" time="0.003"/>
  <testcase name="should_beEqual_when_sameIdAndType()" classname="com.atlasops.shared.domain.EntityTest" time="0.016"/>
  <testcase name="should_notBeEqual_when_differentId()" classname="com.atlasops.shared.domain.EntityTest" time="0.004"/>
  <testcase name="should_storeId_when_validIdProvided()" classname="com.atlasops.shared.domain.EntityTest" time="0.004"/>
  <system-out><![CDATA[]]></system-out>
  <system-err><![CDATA[]]></system-err>
</testsuite>
