<?xml version="1.0" encoding="UTF-8"?>
<testsuite name="com.atlasops.shared.domain.ErrorResponseTest" tests="13" skipped="0" failures="0" errors="0" timestamp="2026-07-18T07:51:19" hostname="AIRW64S3XT3" time="0.394">
  <properties/>
  <testcase name="should_throwException_when_codeIsNull()" classname="com.atlasops.shared.domain.ErrorResponseTest" time="0.249"/>
  <testcase name="should_createErrorResponse_when_allFieldsValid()" classname="com.atlasops.shared.domain.ErrorResponseTest" time="0.003"/>
  <testcase name="should_throwException_when_typeIsBlank()" classname="com.atlasops.shared.domain.ErrorResponseTest" time="0.004"/>
  <testcase name="should_acceptValidBoundaryStatus_when_100()" classname="com.atlasops.shared.domain.ErrorResponseTest" time="0.003"/>
  <testcase name="should_acceptValidBoundaryStatus_when_599()" classname="com.atlasops.shared.domain.ErrorResponseTest" time="0.002"/>
  <testcase name="should_beEqual_when_sameFields()" classname="com.atlasops.shared.domain.ErrorResponseTest" time="0.077"/>
  <testcase name="should_notBeEqual_when_differentFields()" classname="com.atlasops.shared.domain.ErrorResponseTest" time="0.002"/>
  <testcase name="should_throwException_when_titleIsNull()" classname="com.atlasops.shared.domain.ErrorResponseTest" time="0.002"/>
  <testcase name="should_throwException_when_statusAboveRange()" classname="com.atlasops.shared.domain.ErrorResponseTest" time="0.002"/>
  <testcase name="should_createErrorResponse_when_detailIsNull()" classname="com.atlasops.shared.domain.ErrorResponseTest" time="0.002"/>
  <testcase name="should_throwException_when_statusBelowRange()" classname="com.atlasops.shared.domain.ErrorResponseTest" time="0.003"/>
  <testcase name="should_throwException_when_traceIdIsNull()" classname="com.atlasops.shared.domain.ErrorResponseTest" time="0.004"/>
  <testcase name="should_throwException_when_typeIsNull()" classname="com.atlasops.shared.domain.ErrorResponseTest" time="0.008"/>
  <system-out><![CDATA[]]></system-out>
  <system-err><![CDATA[]]></system-err>
</testsuite>
