<?xml version="1.0" encoding="UTF-8"?>
<testsuite name="parseLine" tests="8" skipped="0" failures="0" errors="0" timestamp="2026-07-18T07:51:26" hostname="AIRW64S3XT3" time="0.12">
  <properties/>
  <testcase name="should throw on non-task line" classname="com.atlasops.shared.sdd.TaskMarkdownParserTest$ParseLine" time="0.004"/>
  <testcase name="should parse BLOCKED task" classname="com.atlasops.shared.sdd.TaskMarkdownParserTest$ParseLine" time="0.09"/>
  <testcase name="should throw on null input" classname="com.atlasops.shared.sdd.TaskMarkdownParserTest$ParseLine" time="0.002"/>
  <testcase name="should throw on blank input" classname="com.atlasops.shared.sdd.TaskMarkdownParserTest$ParseLine" time="0.002"/>
  <testcase name="should parse DONE task" classname="com.atlasops.shared.sdd.TaskMarkdownParserTest$ParseLine" time="0.003"/>
  <testcase name="should handle leading whitespace (indented tasks)" classname="com.atlasops.shared.sdd.TaskMarkdownParserTest$ParseLine" time="0.001"/>
  <testcase name="should parse IN_PROGRESS task" classname="com.atlasops.shared.sdd.TaskMarkdownParserTest$ParseLine" time="0.003"/>
  <testcase name="should parse TODO task" classname="com.atlasops.shared.sdd.TaskMarkdownParserTest$ParseLine" time="0.001"/>
  <system-out><![CDATA[]]></system-out>
  <system-err><![CDATA[]]></system-err>
</testsuite>
