<?xml version="1.0" encoding="UTF-8"?>
<testsuite name="com.atlasops.shared.validation.FeatureNameValidatorPropertyTest" tests="6" skipped="0" failures="0" errors="0" timestamp="2026-07-18T07:51:58" hostname="AIRW64S3XT3" time="0.769">
  <properties/>
  <testcase name="validKebabCaseNames shouldAlwaysBeAccepted" classname="com.atlasops.shared.validation.FeatureNameValidatorPropertyTest" time="0.35"/>
  <testcase name="namesWithSpecialChars shouldAlwaysBeRejected" classname="com.atlasops.shared.validation.FeatureNameValidatorPropertyTest" time="0.124"/>
  <testcase name="namesTooLong shouldAlwaysBeRejected" classname="com.atlasops.shared.validation.FeatureNameValidatorPropertyTest" time="0.09"/>
  <testcase name="namesWithUppercase shouldAlwaysBeRejected" classname="com.atlasops.shared.validation.FeatureNameValidatorPropertyTest" time="0.101"/>
  <testcase name="acceptedNames shouldAlwaysMatchKebabCasePattern" classname="com.atlasops.shared.validation.FeatureNameValidatorPropertyTest" time="0.05"/>
  <testcase name="namesWithSpaces shouldAlwaysBeRejected" classname="com.atlasops.shared.validation.FeatureNameValidatorPropertyTest" time="0.048"/>
  <system-out><![CDATA[timestamp = 2026-07-18T04:51:58.795810900, FeatureNameValidatorPropertyTest:validKebabCaseNames shouldAlwaysBeAccepted = 
                              |-----------------------jqwik-----------------------
tries = 100                   | # of calls to property
checks = 100                  | # of not rejected calls
generation = RANDOMIZED       | parameters are randomly generated
after-failure = SAMPLE_FIRST  | try previously failed sample, then previous seed
when-fixed-seed = ALLOW       | fixing the random seed is allowed
edge-cases#mode = MIXIN       | edge cases are mixed in
edge-cases#total = 6          | # of all combined edge cases
edge-cases#tried = 6          | # of edge cases tried in current run
seed = -2832904113183849374   | random seed to reproduce generated values


timestamp = 2026-07-18T04:51:58.983592500, FeatureNameValidatorPropertyTest:namesWithSpecialChars shouldAlwaysBeRejected = 
                              |-----------------------jqwik-----------------------
tries = 100                   | # of calls to property
checks = 100                  | # of not rejected calls
generation = RANDOMIZED       | parameters are randomly generated
after-failure = SAMPLE_FIRST  | try previously failed sample, then previous seed
when-fixed-seed = ALLOW       | fixing the random seed is allowed
edge-cases#mode = MIXIN       | edge cases are mixed in
edge-cases#total = 2          | # of all combined edge cases
edge-cases#tried = 2          | # of edge cases tried in current run
seed = -7919976396349354868   | random seed to reproduce generated values


timestamp = 2026-07-18T04:51:59.074153600, FeatureNameValidatorPropertyTest:namesTooLong shouldAlwaysBeRejected = 
                              |-----------------------jqwik-----------------------
tries = 100                   | # of calls to property
checks = 100                  | # of not rejected calls
generation = RANDOMIZED       | parameters are randomly generated
after-failure = SAMPLE_FIRST  | try previously failed sample, then previous seed
when-fixed-seed = ALLOW       | fixing the random seed is allowed
edge-cases#mode = MIXIN       | edge cases are mixed in
edge-cases#total = 0          | # of all combined edge cases
edge-cases#tried = 0          | # of edge cases tried in current run
seed = 2464218204458589374    | random seed to reproduce generated values


timestamp = 2026-07-18T04:51:59.175464400, FeatureNameValidatorPropertyTest:namesWithUppercase shouldAlwaysBeRejected = 
                              |-----------------------jqwik-----------------------
tries = 100                   | # of calls to property
checks = 100                  | # of not rejected calls
generation = RANDOMIZED       | parameters are randomly generated
after-failure = SAMPLE_FIRST  | try previously failed sample, then previous seed
when-fixed-seed = ALLOW       | fixing the random seed is allowed
edge-cases#mode = MIXIN       | edge cases are mixed in
edge-cases#total = 2          | # of all combined edge cases
edge-cases#tried = 2          | # of edge cases tried in current run
seed = 108663187376661814     | random seed to reproduce generated values


timestamp = 2026-07-18T04:51:59.227872900, FeatureNameValidatorPropertyTest:acceptedNames shouldAlwaysMatchKebabCasePattern = 
                              |-----------------------jqwik-----------------------
tries = 100                   | # of calls to property
checks = 100                  | # of not rejected calls
generation = RANDOMIZED       | parameters are randomly generated
after-failure = SAMPLE_FIRST  | try previously failed sample, then previous seed
when-fixed-seed = ALLOW       | fixing the random seed is allowed
edge-cases#mode = MIXIN       | edge cases are mixed in
edge-cases#total = 6          | # of all combined edge cases
edge-cases#tried = 5          | # of edge cases tried in current run
seed = -1896733399157500396   | random seed to reproduce generated values


timestamp = 2026-07-18T04:51:59.277652300, FeatureNameValidatorPropertyTest:namesWithSpaces shouldAlwaysBeRejected = 
                              |-----------------------jqwik-----------------------
tries = 100                   | # of calls to property
checks = 100                  | # of not rejected calls
generation = RANDOMIZED       | parameters are randomly generated
after-failure = SAMPLE_FIRST  | try previously failed sample, then previous seed
when-fixed-seed = ALLOW       | fixing the random seed is allowed
edge-cases#mode = MIXIN       | edge cases are mixed in
edge-cases#total = 0          | # of all combined edge cases
edge-cases#tried = 0          | # of edge cases tried in current run
seed = 2682139479874742248    | random seed to reproduce generated values


]]></system-out>
  <system-err><![CDATA[]]></system-err>
</testsuite>
