<?xml version="1.0" encoding="UTF-8"?>
<testsuite name="com.atlasops.shared.harness.SandboxDestructiveCommandBlockingPropertyTest" tests="6" skipped="0" failures="0" errors="0" timestamp="2026-07-18T07:51:45" hostname="AIRW64S3XT3" time="0.518">
  <properties/>
  <testcase name="blockedCommand shouldPreventSideEffects" classname="com.atlasops.shared.harness.SandboxDestructiveCommandBlockingPropertyTest" time="0.11"/>
  <testcase name="destructiveDbOperations shouldAlwaysBeBlocked" classname="com.atlasops.shared.harness.SandboxDestructiveCommandBlockingPropertyTest" time="0.155"/>
  <testcase name="auditLogReason shouldDescribeDestructiveNature" classname="com.atlasops.shared.harness.SandboxDestructiveCommandBlockingPropertyTest" time="0.05"/>
  <testcase name="forcePushVariants shouldAllBeBlocked" classname="com.atlasops.shared.harness.SandboxDestructiveCommandBlockingPropertyTest" time="0.082"/>
  <testcase name="blockedAttempt shouldBeLogged withTimestampRunIdCommandAndAgent" classname="com.atlasops.shared.harness.SandboxDestructiveCommandBlockingPropertyTest" time="0.049"/>
  <testcase name="destructiveCommands shouldAlwaysBeBlocked" classname="com.atlasops.shared.harness.SandboxDestructiveCommandBlockingPropertyTest" time="0.061"/>
  <system-out><![CDATA[timestamp = 2026-07-18T04:51:45.502935900, SandboxDestructiveCommandBlockingPropertyTest:blockedCommand shouldPreventSideEffects = 
                              |-----------------------jqwik-----------------------
tries = 100                   | # of calls to property
checks = 100                  | # of not rejected calls
generation = RANDOMIZED       | parameters are randomly generated
after-failure = SAMPLE_FIRST  | try previously failed sample, then previous seed
when-fixed-seed = ALLOW       | fixing the random seed is allowed
edge-cases#mode = MIXIN       | edge cases are mixed in
edge-cases#total = 120        | # of all combined edge cases
edge-cases#tried = 11         | # of edge cases tried in current run
seed = -156687177787901283    | random seed to reproduce generated values


timestamp = 2026-07-18T04:51:45.664271400, SandboxDestructiveCommandBlockingPropertyTest:destructiveDbOperations shouldAlwaysBeBlocked = 
                              |-----------------------jqwik-----------------------
tries = 100                   | # of calls to property
checks = 100                  | # of not rejected calls
generation = RANDOMIZED       | parameters are randomly generated
after-failure = SAMPLE_FIRST  | try previously failed sample, then previous seed
when-fixed-seed = ALLOW       | fixing the random seed is allowed
edge-cases#mode = MIXIN       | edge cases are mixed in
edge-cases#total = 108        | # of all combined edge cases
edge-cases#tried = 15         | # of edge cases tried in current run
seed = -8513777772735212296   | random seed to reproduce generated values


timestamp = 2026-07-18T04:51:45.714261800, SandboxDestructiveCommandBlockingPropertyTest:auditLogReason shouldDescribeDestructiveNature = 
                              |-----------------------jqwik-----------------------
tries = 100                   | # of calls to property
checks = 100                  | # of not rejected calls
generation = RANDOMIZED       | parameters are randomly generated
after-failure = SAMPLE_FIRST  | try previously failed sample, then previous seed
when-fixed-seed = ALLOW       | fixing the random seed is allowed
edge-cases#mode = MIXIN       | edge cases are mixed in
edge-cases#total = 120        | # of all combined edge cases
edge-cases#tried = 18         | # of edge cases tried in current run
seed = 8849686508707415810    | random seed to reproduce generated values


timestamp = 2026-07-18T04:51:45.799289900, SandboxDestructiveCommandBlockingPropertyTest:forcePushVariants shouldAllBeBlocked = 
                              |-----------------------jqwik-----------------------
tries = 100                   | # of calls to property
checks = 100                  | # of not rejected calls
generation = RANDOMIZED       | parameters are randomly generated
after-failure = SAMPLE_FIRST  | try previously failed sample, then previous seed
when-fixed-seed = ALLOW       | fixing the random seed is allowed
edge-cases#mode = MIXIN       | edge cases are mixed in
edge-cases#total = 104        | # of all combined edge cases
edge-cases#tried = 11         | # of edge cases tried in current run
seed = -3272146057491677478   | random seed to reproduce generated values


timestamp = 2026-07-18T04:51:45.852246800, SandboxDestructiveCommandBlockingPropertyTest:blockedAttempt shouldBeLogged withTimestampRunIdCommandAndAgent = 
                              |-----------------------jqwik-----------------------
tries = 100                   | # of calls to property
checks = 100                  | # of not rejected calls
generation = RANDOMIZED       | parameters are randomly generated
after-failure = SAMPLE_FIRST  | try previously failed sample, then previous seed
when-fixed-seed = ALLOW       | fixing the random seed is allowed
edge-cases#mode = MIXIN       | edge cases are mixed in
edge-cases#total = 120        | # of all combined edge cases
edge-cases#tried = 15         | # of edge cases tried in current run
seed = -7003477648429322121   | random seed to reproduce generated values


timestamp = 2026-07-18T04:51:45.915211200, SandboxDestructiveCommandBlockingPropertyTest:destructiveCommands shouldAlwaysBeBlocked = 
                              |-----------------------jqwik-----------------------
tries = 100                   | # of calls to property
checks = 100                  | # of not rejected calls
generation = RANDOMIZED       | parameters are randomly generated
after-failure = SAMPLE_FIRST  | try previously failed sample, then previous seed
when-fixed-seed = ALLOW       | fixing the random seed is allowed
edge-cases#mode = MIXIN       | edge cases are mixed in
edge-cases#total = 120        | # of all combined edge cases
edge-cases#tried = 17         | # of edge cases tried in current run
seed = 8785077765932558365    | random seed to reproduce generated values


]]></system-out>
  <system-err><![CDATA[jul. 18, 2026 4:51:45 AM net.jqwik.engine.properties.RandomizedShrinkablesGenerator logEdgeCasesOutnumberTriesIfApplicable
INFORMAÇÕES: Edge case generation exceeds number of tries. Stopped after 120 generated cases.
jul. 18, 2026 4:51:45 AM net.jqwik.engine.properties.RandomizedShrinkablesGenerator logEdgeCasesOutnumberTriesIfApplicable
INFORMAÇÕES: Edge case generation exceeds number of tries. Stopped after 108 generated cases.
jul. 18, 2026 4:51:45 AM net.jqwik.engine.properties.RandomizedShrinkablesGenerator logEdgeCasesOutnumberTriesIfApplicable
INFORMAÇÕES: Edge case generation exceeds number of tries. Stopped after 120 generated cases.
jul. 18, 2026 4:51:45 AM net.jqwik.engine.properties.RandomizedShrinkablesGenerator logEdgeCasesOutnumberTriesIfApplicable
INFORMAÇÕES: Edge case generation exceeds number of tries. Stopped after 104 generated cases.
jul. 18, 2026 4:51:45 AM net.jqwik.engine.properties.RandomizedShrinkablesGenerator logEdgeCasesOutnumberTriesIfApplicable
INFORMAÇÕES: Edge case generation exceeds number of tries. Stopped after 120 generated cases.
jul. 18, 2026 4:51:45 AM net.jqwik.engine.properties.RandomizedShrinkablesGenerator logEdgeCasesOutnumberTriesIfApplicable
INFORMAÇÕES: Edge case generation exceeds number of tries. Stopped after 120 generated cases.
]]></system-err>
</testsuite>
