<?xml version="1.0" encoding="UTF-8"?>
<testsuite name="com.atlasops.shared.domain.types.EmailTest" tests="10" skipped="0" failures="0" errors="0" timestamp="2026-07-18T07:51:20" hostname="AIRW64S3XT3" time="0.065">
  <properties/>
  <testcase name="should_throwException_when_empty()" classname="com.atlasops.shared.domain.types.EmailTest" time="0.011"/>
  <testcase name="should_throwException_when_noTld()" classname="com.atlasops.shared.domain.types.EmailTest" time="0.005"/>
  <testcase name="should_beEqual_when_sameEmailDifferentCase()" classname="com.atlasops.shared.domain.types.EmailTest" time="0.003"/>
  <testcase name="should_throwException_when_null()" classname="com.atlasops.shared.domain.types.EmailTest" time="0.003"/>
  <testcase name="should_throwException_when_noAtSymbol()" classname="com.atlasops.shared.domain.types.EmailTest" time="0.002"/>
  <testcase name="should_createEmail_when_validFormat()" classname="com.atlasops.shared.domain.types.EmailTest" time="0.002"/>
  <testcase name="should_acceptEmail_when_subdomainsPresent()" classname="com.atlasops.shared.domain.types.EmailTest" time="0.002"/>
  <testcase name="should_lowercaseEmail_when_created()" classname="com.atlasops.shared.domain.types.EmailTest" time="0.002"/>
  <testcase name="should_acceptEmail_when_plusAddressing()" classname="com.atlasops.shared.domain.types.EmailTest" time="0.002"/>
  <testcase name="should_throwException_when_noDomain()" classname="com.atlasops.shared.domain.types.EmailTest" time="0.002"/>
  <system-out><![CDATA[]]></system-out>
  <system-err><![CDATA[]]></system-err>
</testsuite>
