<?xml version="1.0" encoding="UTF-8"?>
<testsuite name="com.atlasops.shared.sdd.SpecValidatorPropertyTest" tests="3" skipped="0" failures="0" errors="0" timestamp="2026-07-18T07:51:47" hostname="AIRW64S3XT3" time="10.855">
  <properties/>
  <testcase name="anyMissingSubset shouldAlwaysFlagIncomplete" classname="com.atlasops.shared.sdd.SpecValidatorPropertyTest" time="0.748"/>
  <testcase name="allFilesPresent shouldAlwaysMarkSpecAsComplete" classname="com.atlasops.shared.sdd.SpecValidatorPropertyTest" time="9.206"/>
  <testcase name="reportedMissingFiles shouldMatchExactlyWhatIsAbsent" classname="com.atlasops.shared.sdd.SpecValidatorPropertyTest" time="0.895"/>
  <system-out><![CDATA[timestamp = 2026-07-18T04:51:47.781685600, SpecValidatorPropertyTest:anyMissingSubset shouldAlwaysFlagIncomplete = 
                              |-----------------------jqwik-----------------------
tries = 15                    | # of calls to property
checks = 15                   | # of not rejected calls
generation = EXHAUSTIVE       | parameters are exhaustively generated
after-failure = SAMPLE_FIRST  | try previously failed sample, then previous seed
when-fixed-seed = ALLOW       | fixing the random seed is allowed
edge-cases#mode = MIXIN       | edge cases are mixed in
edge-cases#total = 0          | # of all combined edge cases
edge-cases#tried = 0          | # of edge cases tried in current run
seed = 8476256894448531700    | random seed to reproduce generated values


timestamp = 2026-07-18T04:51:56.991525200, SpecValidatorPropertyTest:allFilesPresent shouldAlwaysMarkSpecAsComplete = 
                              |-----------------------jqwik-----------------------
tries = 100                   | # of calls to property
checks = 100                  | # of not rejected calls
generation = RANDOMIZED       | parameters are randomly generated
after-failure = SAMPLE_FIRST  | try previously failed sample, then previous seed
when-fixed-seed = ALLOW       | fixing the random seed is allowed
edge-cases#mode = MIXIN       | edge cases are mixed in
edge-cases#total = 2          | # of all combined edge cases
edge-cases#tried = 2          | # of edge cases tried in current run
seed = -4335932883039067114   | random seed to reproduce generated values


timestamp = 2026-07-18T04:51:57.882399700, SpecValidatorPropertyTest:reportedMissingFiles shouldMatchExactlyWhatIsAbsent = 
                              |-----------------------jqwik-----------------------
tries = 15                    | # of calls to property
checks = 15                   | # of not rejected calls
generation = EXHAUSTIVE       | parameters are exhaustively generated
after-failure = SAMPLE_FIRST  | try previously failed sample, then previous seed
when-fixed-seed = ALLOW       | fixing the random seed is allowed
edge-cases#mode = MIXIN       | edge cases are mixed in
edge-cases#total = 0          | # of all combined edge cases
edge-cases#tried = 0          | # of edge cases tried in current run
seed = 4415765244958086990    | random seed to reproduce generated values


]]></system-out>
  <system-err><![CDATA[]]></system-err>
</testsuite>
