<?xml version="1.0" encoding="UTF-8"?>
<testsuite name="Valid transitions" tests="5" skipped="0" failures="0" errors="0" timestamp="2026-07-18T07:51:26" hostname="AIRW64S3XT3" time="0.106">
  <properties/>
  <testcase name="should transition TODO → DONE" classname="com.atlasops.shared.sdd.TaskItemTest$ValidTransitions" time="0.002"/>
  <testcase name="should not mutate original task on transition" classname="com.atlasops.shared.sdd.TaskItemTest$ValidTransitions" time="0.003"/>
  <testcase name="should transition TODO → IN_PROGRESS" classname="com.atlasops.shared.sdd.TaskItemTest$ValidTransitions" time="0.089"/>
  <testcase name="should transition IN_PROGRESS → BLOCKED" classname="com.atlasops.shared.sdd.TaskItemTest$ValidTransitions" time="0.001"/>
  <testcase name="should transition IN_PROGRESS → DONE" classname="com.atlasops.shared.sdd.TaskItemTest$ValidTransitions" time="0.001"/>
  <system-out><![CDATA[]]></system-out>
  <system-err><![CDATA[]]></system-err>
</testsuite>
