<?xml version="1.0" encoding="UTF-8"?>
<testsuite name="parseAll" tests="4" skipped="0" failures="0" errors="0" timestamp="2026-07-18T07:51:26" hostname="AIRW64S3XT3" time="0.03">
  <properties/>
  <testcase name="should parse multiple tasks from markdown content" classname="com.atlasops.shared.sdd.TaskMarkdownParserTest$ParseAll" time="0.005"/>
  <testcase name="should skip non-task lines" classname="com.atlasops.shared.sdd.TaskMarkdownParserTest$ParseAll" time="0.002"/>
  <testcase name="should return empty list for blank input" classname="com.atlasops.shared.sdd.TaskMarkdownParserTest$ParseAll" time="0.007"/>
  <testcase name="should return empty list for null input" classname="com.atlasops.shared.sdd.TaskMarkdownParserTest$ParseAll" time="0.011"/>
  <system-out><![CDATA[]]></system-out>
  <system-err><![CDATA[]]></system-err>
</testsuite>
