<?xml version="1.0" encoding="UTF-8"?>
<testsuite name="com.atlasops.shared.validation.FeatureNameValidatorTest" tests="23" skipped="0" failures="0" errors="0" timestamp="2026-07-18T07:51:27" hostname="AIRW64S3XT3" time="0.76">
  <properties/>
  <testcase name="[1] name=MyFeature" classname="com.atlasops.shared.validation.FeatureNameValidatorTest" time="0.004"/>
  <testcase name="[2] name=my_feature" classname="com.atlasops.shared.validation.FeatureNameValidatorTest" time="0.004"/>
  <testcase name="[3] name=my feature" classname="com.atlasops.shared.validation.FeatureNameValidatorTest" time="0.003"/>
  <testcase name="[4] name=MY-FEATURE" classname="com.atlasops.shared.validation.FeatureNameValidatorTest" time="0.003"/>
  <testcase name="[5] name=Feature" classname="com.atlasops.shared.validation.FeatureNameValidatorTest" time="0.004"/>
  <testcase name="[6] name=camelCase" classname="com.atlasops.shared.validation.FeatureNameValidatorTest" time="0.001"/>
  <testcase name="[7] name=with.dots" classname="com.atlasops.shared.validation.FeatureNameValidatorTest" time="0.002"/>
  <testcase name="[8] name=with@special" classname="com.atlasops.shared.validation.FeatureNameValidatorTest" time="0.002"/>
  <testcase name="should_beInvalid_when_exceedsMaxLength()" classname="com.atlasops.shared.validation.FeatureNameValidatorTest" time="0.003"/>
  <testcase name="should_beInvalid_when_endsWithHyphen()" classname="com.atlasops.shared.validation.FeatureNameValidatorTest" time="0.002"/>
  <testcase name="should_beInvalid_when_blank()" classname="com.atlasops.shared.validation.FeatureNameValidatorTest" time="0.002"/>
  <testcase name="should_beInvalid_when_empty()" classname="com.atlasops.shared.validation.FeatureNameValidatorTest" time="0.002"/>
  <testcase name="should_beInvalid_when_startsWithHyphen()" classname="com.atlasops.shared.validation.FeatureNameValidatorTest" time="0.002"/>
  <testcase name="should_beInvalid_when_null()" classname="com.atlasops.shared.validation.FeatureNameValidatorTest" time="0.003"/>
  <testcase name="[1] name=user-auth" classname="com.atlasops.shared.validation.FeatureNameValidatorTest" time="0.014"/>
  <testcase name="[2] name=monorepo-sdd-harness" classname="com.atlasops.shared.validation.FeatureNameValidatorTest" time="0.002"/>
  <testcase name="[3] name=a" classname="com.atlasops.shared.validation.FeatureNameValidatorTest" time="0.069"/>
  <testcase name="[4] name=feature1" classname="com.atlasops.shared.validation.FeatureNameValidatorTest" time="0.082"/>
  <testcase name="[5] name=my-feature-2" classname="com.atlasops.shared.validation.FeatureNameValidatorTest" time="0.055"/>
  <testcase name="[6] name=abc-def-ghi-jkl" classname="com.atlasops.shared.validation.FeatureNameValidatorTest" time="0.002"/>
  <testcase name="[7] name=a1b2c3" classname="com.atlasops.shared.validation.FeatureNameValidatorTest" time="0.004"/>
  <testcase name="should_beValid_when_exactlyMaxLength()" classname="com.atlasops.shared.validation.FeatureNameValidatorTest" time="0.003"/>
  <testcase name="should_beInvalid_when_consecutiveHyphens()" classname="com.atlasops.shared.validation.FeatureNameValidatorTest" time="0.002"/>
  <system-out><![CDATA[]]></system-out>
  <system-err><![CDATA[]]></system-err>
</testsuite>
