<?xml version="1.0" encoding="UTF-8"?>
<testsuite name="com.atlasops.shared.domain.types.TenantIdTest" tests="6" skipped="0" failures="0" errors="0" timestamp="2026-07-18T07:51:20" hostname="AIRW64S3XT3" time="0.033">
  <properties/>
  <testcase name="should_throwException_when_blank()" classname="com.atlasops.shared.domain.types.TenantIdTest" time="0.006"/>
  <testcase name="should_throwException_when_empty()" classname="com.atlasops.shared.domain.types.TenantIdTest" time="0.003"/>
  <testcase name="should_throwException_when_null()" classname="com.atlasops.shared.domain.types.TenantIdTest" time="0.004"/>
  <testcase name="should_createTenantId_when_validString()" classname="com.atlasops.shared.domain.types.TenantIdTest" time="0.002"/>
  <testcase name="should_beEqual_when_sameValue()" classname="com.atlasops.shared.domain.types.TenantIdTest" time="0.002"/>
  <testcase name="should_notBeEqual_when_differentValue()" classname="com.atlasops.shared.domain.types.TenantIdTest" time="0.002"/>
  <system-out><![CDATA[]]></system-out>
  <system-err><![CDATA[]]></system-err>
</testsuite>
