<?xml version="1.0" encoding="UTF-8"?>
<testsuite name="com.atlasops.shared.domain.types.UserIdTest" tests="5" skipped="0" failures="0" errors="0" timestamp="2026-07-18T07:51:20" hostname="AIRW64S3XT3" time="0.18">
  <properties/>
  <testcase name="should_createUserId_when_validString()" classname="com.atlasops.shared.domain.types.UserIdTest" time="0.005"/>
  <testcase name="should_throwException_when_blank()" classname="com.atlasops.shared.domain.types.UserIdTest" time="0.003"/>
  <testcase name="should_throwException_when_empty()" classname="com.atlasops.shared.domain.types.UserIdTest" time="0.076"/>
  <testcase name="should_throwException_when_null()" classname="com.atlasops.shared.domain.types.UserIdTest" time="0.078"/>
  <testcase name="should_beEqual_when_sameValue()" classname="com.atlasops.shared.domain.types.UserIdTest" time="0.003"/>
  <system-out><![CDATA[]]></system-out>
  <system-err><![CDATA[]]></system-err>
</testsuite>
