<?xml version="1.0" encoding="UTF-8"?>
<testsuite name="com.atlasops.shared.domain.types.CorrelationIdTest" tests="8" skipped="0" failures="0" errors="0" timestamp="2026-07-18T07:51:20" hostname="AIRW64S3XT3" time="0.111">
  <properties/>
  <testcase name="should_throwException_when_notUuidFormat()" classname="com.atlasops.shared.domain.types.CorrelationIdTest" time="0.058"/>
  <testcase name="should_beEqual_when_sameUuid()" classname="com.atlasops.shared.domain.types.CorrelationIdTest" time="0.004"/>
  <testcase name="should_throwException_when_empty()" classname="com.atlasops.shared.domain.types.CorrelationIdTest" time="0.002"/>
  <testcase name="should_throwException_when_null()" classname="com.atlasops.shared.domain.types.CorrelationIdTest" time="0.002"/>
  <testcase name="should_throwException_when_partialUuid()" classname="com.atlasops.shared.domain.types.CorrelationIdTest" time="0.004"/>
  <testcase name="should_generateUniqueIds_when_multipleGenerate()" classname="com.atlasops.shared.domain.types.CorrelationIdTest" time="0.003"/>
  <testcase name="should_createCorrelationId_when_validUuid()" classname="com.atlasops.shared.domain.types.CorrelationIdTest" time="0.002"/>
  <testcase name="should_generateValidCorrelationId_when_factoryMethod()" classname="com.atlasops.shared.domain.types.CorrelationIdTest" time="0.004"/>
  <system-out><![CDATA[]]></system-out>
  <system-err><![CDATA[]]></system-err>
</testsuite>
