<?xml version="1.0" encoding="UTF-8"?>
<testsuite name="com.atlasops.boot.config.EnvironmentValidatorPropertyTest" tests="5" skipped="0" failures="0" errors="0" timestamp="2026-07-18T07:52:32" hostname="AIRW64S3XT3" time="1.339">
  <properties/>
  <testcase name="incompleteEnvironment shouldThrowWithAllMissingNamesInMessage" classname="com.atlasops.boot.config.EnvironmentValidatorPropertyTest" time="0.66"/>
  <testcase name="mixOfAbsentAndEmpty shouldReportAll" classname="com.atlasops.boot.config.EnvironmentValidatorPropertyTest" time="0.038"/>
  <testcase name="completeEnvironment shouldAlwaysPassValidation" classname="com.atlasops.boot.config.EnvironmentValidatorPropertyTest" time="0.522"/>
  <testcase name="emptyStringValues shouldBeTreatedAsAbsent" classname="com.atlasops.boot.config.EnvironmentValidatorPropertyTest" time="0.078"/>
  <testcase name="incompleteEnvironment shouldFailListingExactlyMissingVariables" classname="com.atlasops.boot.config.EnvironmentValidatorPropertyTest" time="0.036"/>
  <system-out><![CDATA[timestamp = 2026-07-18T04:52:33.129882100, EnvironmentValidatorPropertyTest:incompleteEnvironment shouldThrowWithAllMissingNamesInMessage = 
                              |-----------------------jqwik-----------------------
tries = 100                   | # of calls to property
checks = 100                  | # of not rejected calls
generation = RANDOMIZED       | parameters are randomly generated
after-failure = SAMPLE_FIRST  | try previously failed sample, then previous seed
when-fixed-seed = ALLOW       | fixing the random seed is allowed
edge-cases#mode = MIXIN       | edge cases are mixed in
edge-cases#total = 5          | # of all combined edge cases
edge-cases#tried = 2          | # of edge cases tried in current run
seed = -6378183594963713986   | random seed to reproduce generated values


timestamp = 2026-07-18T04:52:33.174052500, EnvironmentValidatorPropertyTest:mixOfAbsentAndEmpty shouldReportAll = 
                              |-----------------------jqwik-----------------------
tries = 100                   | # of calls to property
checks = 100                  | # of not rejected calls
generation = RANDOMIZED       | parameters are randomly generated
after-failure = SAMPLE_FIRST  | try previously failed sample, then previous seed
when-fixed-seed = ALLOW       | fixing the random seed is allowed
edge-cases#mode = MIXIN       | edge cases are mixed in
edge-cases#total = 0          | # of all combined edge cases
edge-cases#tried = 0          | # of edge cases tried in current run
seed = -7598524428755948152   | random seed to reproduce generated values


timestamp = 2026-07-18T04:52:33.693504700, EnvironmentValidatorPropertyTest:completeEnvironment shouldAlwaysPassValidation = 
                              |-----------------------jqwik-----------------------
tries = 100                   | # of calls to property
checks = 100                  | # of not rejected calls
generation = RANDOMIZED       | parameters are randomly generated
after-failure = SAMPLE_FIRST  | try previously failed sample, then previous seed
when-fixed-seed = ALLOW       | fixing the random seed is allowed
edge-cases#mode = MIXIN       | edge cases are mixed in
edge-cases#total = 6          | # of all combined edge cases
edge-cases#tried = 6          | # of edge cases tried in current run
seed = 3104635922987440779    | random seed to reproduce generated values


timestamp = 2026-07-18T04:52:33.775649, EnvironmentValidatorPropertyTest:emptyStringValues shouldBeTreatedAsAbsent = 
                              |-----------------------jqwik-----------------------
tries = 100                   | # of calls to property
checks = 100                  | # of not rejected calls
generation = RANDOMIZED       | parameters are randomly generated
after-failure = SAMPLE_FIRST  | try previously failed sample, then previous seed
when-fixed-seed = ALLOW       | fixing the random seed is allowed
edge-cases#mode = MIXIN       | edge cases are mixed in
edge-cases#total = 25         | # of all combined edge cases
edge-cases#tried = 20         | # of edge cases tried in current run
seed = -4881349762060289810   | random seed to reproduce generated values


timestamp = 2026-07-18T04:52:33.812762600, EnvironmentValidatorPropertyTest:incompleteEnvironment shouldFailListingExactlyMissingVariables = 
                              |-----------------------jqwik-----------------------
tries = 100                   | # of calls to property
checks = 100                  | # of not rejected calls
generation = RANDOMIZED       | parameters are randomly generated
after-failure = SAMPLE_FIRST  | try previously failed sample, then previous seed
when-fixed-seed = ALLOW       | fixing the random seed is allowed
edge-cases#mode = MIXIN       | edge cases are mixed in
edge-cases#total = 5          | # of all combined edge cases
edge-cases#tried = 5          | # of edge cases tried in current run
seed = 3308389056619074597    | random seed to reproduce generated values


]]></system-out>
  <system-err><![CDATA[]]></system-err>
</testsuite>
