<?xml version="1.0" encoding="UTF-8"?>
<testsuite name="com.atlasops.boot.health.MinioHealthIndicatorTest" tests="4" skipped="0" failures="0" errors="0" timestamp="2026-07-18T07:52:26" hostname="AIRW64S3XT3" time="5.149">
  <properties/>
  <testcase name="should_reportDown_when_bucketDoesNotExist()" classname="com.atlasops.boot.health.MinioHealthIndicatorTest" time="5.0"/>
  <testcase name="should_reportDown_when_unexpectedExceptionOccurs()" classname="com.atlasops.boot.health.MinioHealthIndicatorTest" time="0.008"/>
  <testcase name="should_reportDown_when_sdkClientExceptionOccurs()" classname="com.atlasops.boot.health.MinioHealthIndicatorTest" time="0.014"/>
  <testcase name="should_reportUp_when_bucketIsAccessible()" classname="com.atlasops.boot.health.MinioHealthIndicatorTest" time="0.117"/>
  <system-out><![CDATA[]]></system-out>
  <system-err><![CDATA[]]></system-err>
</testsuite>
