<?xml version="1.0" encoding="UTF-8"?>
<testsuite name="com.atlasops.boot.config.EnvironmentValidatorTest" tests="9" skipped="0" failures="0" errors="0" timestamp="2026-07-18T07:52:25" hostname="AIRW64S3XT3" time="0.445">
  <properties/>
  <testcase name="should_formatMessage_when_exceptionThrown" classname="com.atlasops.boot.config.EnvironmentValidatorTest" time="0.334"/>
  <testcase name="should_treatBlankAsAbsent_when_variableIsWhitespaceOnly" classname="com.atlasops.boot.config.EnvironmentValidatorTest" time="0.075"/>
  <testcase name="should_throwException_when_oneVariableAbsent" classname="com.atlasops.boot.config.EnvironmentValidatorTest" time="0.001"/>
  <testcase name="should_reportAllMissing_when_multipleVariablesAbsent" classname="com.atlasops.boot.config.EnvironmentValidatorTest" time="0.001"/>
  <testcase name="should_reportAllMissing_when_noVariablesProvided" classname="com.atlasops.boot.config.EnvironmentValidatorTest" time="0.006"/>
  <testcase name="should_throwWithAllMissing_when_multipleVariablesAbsent" classname="com.atlasops.boot.config.EnvironmentValidatorTest" time="0.003"/>
  <testcase name="should_treatEmptyAsAbsent_when_variableIsEmptyString" classname="com.atlasops.boot.config.EnvironmentValidatorTest" time="0.002"/>
  <testcase name="should_reportMissing_when_oneVariableAbsent" classname="com.atlasops.boot.config.EnvironmentValidatorTest" time="0.001"/>
  <testcase name="should_passValidation_when_allVariablesPresent" classname="com.atlasops.boot.config.EnvironmentValidatorTest" time="0.006"/>
  <system-out><![CDATA[]]></system-out>
  <system-err><![CDATA[]]></system-err>
</testsuite>
