<?xml version="1.0" encoding="UTF-8"?>
<testsuite name="com.atlasops.boot.observability.RequestMetricsFilterTest" tests="15" skipped="0" failures="0" errors="0" timestamp="2026-07-18T07:52:32" hostname="AIRW64S3XT3" time="0.136">
  <properties/>
  <testcase name="should_skipActuatorEndpoints()" classname="com.atlasops.boot.observability.RequestMetricsFilterTest" time="0.004"/>
  <testcase name="should_returnSlash_when_uriIsNull()" classname="com.atlasops.boot.observability.RequestMetricsFilterTest" time="0.002"/>
  <testcase name="should_recordError4xx_when_clientErrorReturned()" classname="com.atlasops.boot.observability.RequestMetricsFilterTest" time="0.031"/>
  <testcase name="should_returnSlash_when_uriIsBlank()" classname="com.atlasops.boot.observability.RequestMetricsFilterTest" time="0.002"/>
  <testcase name="should_recordRequestCount_when_requestProcessed()" classname="com.atlasops.boot.observability.RequestMetricsFilterTest" time="0.008"/>
  <testcase name="should_notRecordError_when_successfulResponse()" classname="com.atlasops.boot.observability.RequestMetricsFilterTest" time="0.006"/>
  <testcase name="should_recordError5xx_when_serverErrorReturned()" classname="com.atlasops.boot.observability.RequestMetricsFilterTest" time="0.006"/>
  <testcase name="should_incrementCounterMultipleTimes_when_multipleRequests()" classname="com.atlasops.boot.observability.RequestMetricsFilterTest" time="0.007"/>
  <testcase name="should_recordMetrics_when_filterChainThrowsException()" classname="com.atlasops.boot.observability.RequestMetricsFilterTest" time="0.008"/>
  <testcase name="should_record503AsServerError()" classname="com.atlasops.boot.observability.RequestMetricsFilterTest" time="0.006"/>
  <testcase name="should_recordDuration_when_requestProcessed()" classname="com.atlasops.boot.observability.RequestMetricsFilterTest" time="0.026"/>
  <testcase name="should_record422AsClientError()" classname="com.atlasops.boot.observability.RequestMetricsFilterTest" time="0.007"/>
  <testcase name="should_normalizeNumericSegments_when_pathContainsNumbers()" classname="com.atlasops.boot.observability.RequestMetricsFilterTest" time="0.003"/>
  <testcase name="should_normalizeUuidSegments_when_pathContainsUuid()" classname="com.atlasops.boot.observability.RequestMetricsFilterTest" time="0.002"/>
  <testcase name="should_notSkipApiEndpoints()" classname="com.atlasops.boot.observability.RequestMetricsFilterTest" time="0.002"/>
  <system-out><![CDATA[]]></system-out>
  <system-err><![CDATA[]]></system-err>
</testsuite>
