<?xml version="1.0" encoding="UTF-8"?>
<testsuite name="com.atlasops.boot.seed.SeedIdempotencyPropertyTest" tests="4" skipped="0" failures="0" errors="0" timestamp="2026-07-18T07:52:37" hostname="AIRW64S3XT3" time="0.11">
  <properties/>
  <testcase name="seedState shouldBeIdentical forAnyNumberOfExecutions" classname="com.atlasops.boot.seed.SeedIdempotencyPropertyTest" time="0.036"/>
  <testcase name="seedExecution shouldNeverCreateDuplicates" classname="com.atlasops.boot.seed.SeedIdempotencyPropertyTest" time="0.051"/>
  <testcase name="seedState shouldSatisfyMinimumDataRequirements" classname="com.atlasops.boot.seed.SeedIdempotencyPropertyTest" time="0.013"/>
  <testcase name="seedState shouldContainExactTenantNames" classname="com.atlasops.boot.seed.SeedIdempotencyPropertyTest" time="0.007"/>
  <system-out><![CDATA[timestamp = 2026-07-18T04:52:37.577256600, SeedIdempotencyPropertyTest:seedState shouldBeIdentical forAnyNumberOfExecutions = 
                              |-----------------------jqwik-----------------------
tries = 20                    | # of calls to property
checks = 20                   | # of not rejected calls
generation = EXHAUSTIVE       | parameters are exhaustively generated
after-failure = SAMPLE_FIRST  | try previously failed sample, then previous seed
when-fixed-seed = ALLOW       | fixing the random seed is allowed
edge-cases#mode = MIXIN       | edge cases are mixed in
edge-cases#total = 0          | # of all combined edge cases
edge-cases#tried = 0          | # of edge cases tried in current run
seed = -273614210933098467    | random seed to reproduce generated values


timestamp = 2026-07-18T04:52:37.625081100, SeedIdempotencyPropertyTest:seedExecution shouldNeverCreateDuplicates = 
                              |-----------------------jqwik-----------------------
tries = 14                    | # of calls to property
checks = 14                   | # of not rejected calls
generation = EXHAUSTIVE       | parameters are exhaustively generated
after-failure = SAMPLE_FIRST  | try previously failed sample, then previous seed
when-fixed-seed = ALLOW       | fixing the random seed is allowed
edge-cases#mode = MIXIN       | edge cases are mixed in
edge-cases#total = 0          | # of all combined edge cases
edge-cases#tried = 0          | # of edge cases tried in current run
seed = -232243930674146657    | random seed to reproduce generated values


timestamp = 2026-07-18T04:52:37.640425400, SeedIdempotencyPropertyTest:seedState shouldSatisfyMinimumDataRequirements = 
                              |-----------------------jqwik-----------------------
tries = 10                    | # of calls to property
checks = 10                   | # of not rejected calls
generation = EXHAUSTIVE       | parameters are exhaustively generated
after-failure = SAMPLE_FIRST  | try previously failed sample, then previous seed
when-fixed-seed = ALLOW       | fixing the random seed is allowed
edge-cases#mode = MIXIN       | edge cases are mixed in
edge-cases#total = 0          | # of all combined edge cases
edge-cases#tried = 0          | # of edge cases tried in current run
seed = -7785969194289403690   | random seed to reproduce generated values


timestamp = 2026-07-18T04:52:37.648585, SeedIdempotencyPropertyTest:seedState shouldContainExactTenantNames = 
                              |-----------------------jqwik-----------------------
tries = 10                    | # of calls to property
checks = 10                   | # of not rejected calls
generation = EXHAUSTIVE       | parameters are exhaustively generated
after-failure = SAMPLE_FIRST  | try previously failed sample, then previous seed
when-fixed-seed = ALLOW       | fixing the random seed is allowed
edge-cases#mode = MIXIN       | edge cases are mixed in
edge-cases#total = 0          | # of all combined edge cases
edge-cases#tried = 0          | # of edge cases tried in current run
seed = -5465032159006723807   | random seed to reproduce generated values


]]></system-out>
  <system-err><![CDATA[]]></system-err>
</testsuite>
