<?xml version="1.0" encoding="UTF-8"?>
<testsuite name="com.atlasops.boot.filter.CorrelationIdFilterPropertyTest" tests="4" skipped="0" failures="0" errors="0" timestamp="2026-07-18T07:52:33" hostname="AIRW64S3XT3" time="0.202">
  <properties/>
  <testcase name="absentCorrelationId shouldGenerateValidUuidV4InResponse" classname="com.atlasops.boot.filter.CorrelationIdFilterPropertyTest" time="0.045"/>
  <testcase name="generatedCorrelationId shouldAlwaysBeValidUuidV4" classname="com.atlasops.boot.filter.CorrelationIdFilterPropertyTest" time="0.01"/>
  <testcase name="correlationId shouldAlwaysBeInResponse" classname="com.atlasops.boot.filter.CorrelationIdFilterPropertyTest" time="0.064"/>
  <testcase name="providedCorrelationId shouldBeReusedInResponse" classname="com.atlasops.boot.filter.CorrelationIdFilterPropertyTest" time="0.08"/>
  <system-out><![CDATA[timestamp = 2026-07-18T04:52:33.865648400, CorrelationIdFilterPropertyTest:absentCorrelationId shouldGenerateValidUuidV4InResponse = 
                              |-----------------------jqwik-----------------------
tries = 42                    | # of calls to property
checks = 42                   | # of not rejected calls
generation = EXHAUSTIVE       | parameters are exhaustively generated
after-failure = SAMPLE_FIRST  | try previously failed sample, then previous seed
when-fixed-seed = ALLOW       | fixing the random seed is allowed
edge-cases#mode = MIXIN       | edge cases are mixed in
edge-cases#total = 0          | # of all combined edge cases
edge-cases#tried = 0          | # of edge cases tried in current run
seed = -1131397142223190044   | random seed to reproduce generated values


timestamp = 2026-07-18T04:52:33.876205100, CorrelationIdFilterPropertyTest:generatedCorrelationId shouldAlwaysBeValidUuidV4 = 
                              |-----------------------jqwik-----------------------
tries = 7                     | # of calls to property
checks = 7                    | # of not rejected calls
generation = EXHAUSTIVE       | parameters are exhaustively generated
after-failure = SAMPLE_FIRST  | try previously failed sample, then previous seed
when-fixed-seed = ALLOW       | fixing the random seed is allowed
edge-cases#mode = MIXIN       | edge cases are mixed in
edge-cases#total = 0          | # of all combined edge cases
edge-cases#tried = 0          | # of edge cases tried in current run
seed = 3943354238725535982    | random seed to reproduce generated values


timestamp = 2026-07-18T04:52:33.942615500, CorrelationIdFilterPropertyTest:correlationId shouldAlwaysBeInResponse = 
                              |-----------------------jqwik-----------------------
tries = 100                   | # of calls to property
checks = 100                  | # of not rejected calls
generation = RANDOMIZED       | parameters are randomly generated
after-failure = SAMPLE_FIRST  | try previously failed sample, then previous seed
when-fixed-seed = ALLOW       | fixing the random seed is allowed
edge-cases#mode = MIXIN       | edge cases are mixed in
edge-cases#total = 8          | # of all combined edge cases
edge-cases#tried = 6          | # of edge cases tried in current run
seed = 4883012010583468462    | random seed to reproduce generated values


timestamp = 2026-07-18T04:52:34.019884900, CorrelationIdFilterPropertyTest:providedCorrelationId shouldBeReusedInResponse = 
                              |-----------------------jqwik-----------------------
tries = 100                   | # of calls to property
checks = 100                  | # of not rejected calls
generation = RANDOMIZED       | parameters are randomly generated
after-failure = SAMPLE_FIRST  | try previously failed sample, then previous seed
when-fixed-seed = ALLOW       | fixing the random seed is allowed
edge-cases#mode = MIXIN       | edge cases are mixed in
edge-cases#total = 7          | # of all combined edge cases
edge-cases#tried = 7          | # of edge cases tried in current run
seed = 671866427808362834     | random seed to reproduce generated values


]]></system-out>
  <system-err><![CDATA[]]></system-err>
</testsuite>
