<?xml version="1.0" encoding="UTF-8"?>
<testsuite name="Presentation Layer Dependencies (Req 2.7, 10.2)" tests="2" skipped="0" failures="0" errors="0" timestamp="2026-07-18T07:52:25" hostname="AIRW64S3XT3" time="0.019">
  <properties/>
  <testcase name="should_notAccessInfrastructureDirectly_from_presentationLayer" classname="com.atlasops.boot.architecture.HexagonalArchitectureTest$PresentationLayerDependencyTests" time="0.005"/>
  <testcase name="should_onlyDependOnApplicationAndSharedKernel_from_presentationLayer" classname="com.atlasops.boot.architecture.HexagonalArchitectureTest$PresentationLayerDependencyTests" time="0.009"/>
  <system-out><![CDATA[]]></system-out>
  <system-err><![CDATA[]]></system-err>
</testsuite>
