<?xml version="1.0" encoding="UTF-8"?>
<testsuite name="RelevantChunk domain record" tests="9" skipped="0" failures="0" errors="0" timestamp="2026-07-18T07:51:51" hostname="AIRW64S3XT3" time="0.077">
  <properties/>
  <testcase name="should create valid RelevantChunk with all fields" classname="com.atlasops.ai.domain.RelevantChunkTest" time="0.008"/>
  <testcase name="should accept boundary scores 0.0 and 1.0" classname="com.atlasops.ai.domain.RelevantChunkTest" time="0.002"/>
  <testcase name="should reject null content" classname="com.atlasops.ai.domain.RelevantChunkTest" time="0.003"/>
  <testcase name="should reject score below 0.0" classname="com.atlasops.ai.domain.RelevantChunkTest" time="0.003"/>
  <testcase name="should reject null documentId" classname="com.atlasops.ai.domain.RelevantChunkTest" time="0.002"/>
  <testcase name="should reject blank documentId" classname="com.atlasops.ai.domain.RelevantChunkTest" time="0.002"/>
  <testcase name="should reject null chunkId" classname="com.atlasops.ai.domain.RelevantChunkTest" time="0.003"/>
  <testcase name="should reject score above 1.0" classname="com.atlasops.ai.domain.RelevantChunkTest" time="0.008"/>
  <testcase name="should reject blank chunkId" classname="com.atlasops.ai.domain.RelevantChunkTest" time="0.003"/>
  <system-out><![CDATA[]]></system-out>
  <system-err><![CDATA[]]></system-err>
</testsuite>
