<?xml version="1.0" encoding="UTF-8"?>
<testsuite name="IngestionResult domain record" tests="8" skipped="0" failures="0" errors="0" timestamp="2026-07-18T07:51:49" hostname="AIRW64S3XT3" time="0.081">
  <properties/>
  <testcase name="should make chunkIds immutable" classname="com.atlasops.ai.domain.IngestionResultTest" time="0.024"/>
  <testcase name="should create failed ingestion result" classname="com.atlasops.ai.domain.IngestionResultTest" time="0.002"/>
  <testcase name="should create successful ingestion result" classname="com.atlasops.ai.domain.IngestionResultTest" time="0.004"/>
  <testcase name="should reject null status" classname="com.atlasops.ai.domain.IngestionResultTest" time="0.004"/>
  <testcase name="should reject null chunkIds list" classname="com.atlasops.ai.domain.IngestionResultTest" time="0.013"/>
  <testcase name="should reject negative chunksCreated" classname="com.atlasops.ai.domain.IngestionResultTest" time="0.012"/>
  <testcase name="should reject blank documentId" classname="com.atlasops.ai.domain.IngestionResultTest" time="0.003"/>
  <testcase name="should reject null documentId" classname="com.atlasops.ai.domain.IngestionResultTest" time="0.003"/>
  <system-out><![CDATA[]]></system-out>
  <system-err><![CDATA[]]></system-err>
</testsuite>
