<?xml version="1.0" encoding="UTF-8"?>
<testsuite name="com.atlasops.ai.infrastructure.DocumentChunkerTest" tests="15" skipped="0" failures="0" errors="0" timestamp="2026-07-18T07:51:51" hostname="AIRW64S3XT3" time="0.234">
  <properties/>
  <testcase name="should have 200 token overlap between consecutive chunks" classname="com.atlasops.ai.infrastructure.DocumentChunkerTest" time="0.062"/>
  <testcase name="should assign sequential chunk indices" classname="com.atlasops.ai.infrastructure.DocumentChunkerTest" time="0.009"/>
  <testcase name="should produce a single chunk when text has exactly 1000 tokens" classname="com.atlasops.ai.infrastructure.DocumentChunkerTest" time="0.011"/>
  <testcase name="should associate all chunks with the source document ID" classname="com.atlasops.ai.infrastructure.DocumentChunkerTest" time="0.013"/>
  <testcase name="should cover all tokens from the original text without gaps" classname="com.atlasops.ai.infrastructure.DocumentChunkerTest" time="0.015"/>
  <testcase name="should generate unique chunk IDs" classname="com.atlasops.ai.infrastructure.DocumentChunkerTest" time="0.02"/>
  <testcase name="should produce a single chunk when text has fewer than 1000 tokens" classname="com.atlasops.ai.infrastructure.DocumentChunkerTest" time="0.005"/>
  <testcase name="should throw NullPointerException when text is null" classname="com.atlasops.ai.infrastructure.DocumentChunkerTest" time="0.003"/>
  <testcase name="should produce two chunks with correct overlap for 1200 tokens" classname="com.atlasops.ai.infrastructure.DocumentChunkerTest" time="0.004"/>
  <testcase name="should throw IllegalArgumentException when text is only whitespace" classname="com.atlasops.ai.infrastructure.DocumentChunkerTest" time="0.007"/>
  <testcase name="should throw IllegalArgumentException when text is empty" classname="com.atlasops.ai.infrastructure.DocumentChunkerTest" time="0.013"/>
  <testcase name="should throw IllegalArgumentException when documentId is blank" classname="com.atlasops.ai.infrastructure.DocumentChunkerTest" time="0.006"/>
  <testcase name="should respect max token constraint on all chunks" classname="com.atlasops.ai.infrastructure.DocumentChunkerTest" time="0.026"/>
  <testcase name="should throw IllegalArgumentException when documentId is null" classname="com.atlasops.ai.infrastructure.DocumentChunkerTest" time="0.004"/>
  <testcase name="should handle single token text" classname="com.atlasops.ai.infrastructure.DocumentChunkerTest" time="0.002"/>
  <system-out><![CDATA[]]></system-out>
  <system-err><![CDATA[]]></system-err>
</testsuite>
