<?xml version="1.0" encoding="UTF-8"?>
<testsuite name="AIAnalysisRecord domain entity" tests="17" skipped="0" failures="0" errors="0" timestamp="2026-07-18T07:51:48" hostname="AIRW64S3XT3" time="0.631">
  <properties/>
  <testcase name="should reject blank inputHash" classname="com.atlasops.ai.domain.AIAnalysisRecordTest" time="0.297"/>
  <testcase name="should reject null id" classname="com.atlasops.ai.domain.AIAnalysisRecordTest" time="0.005"/>
  <testcase name="should reject negative durationMs" classname="com.atlasops.ai.domain.AIAnalysisRecordTest" time="0.035"/>
  <testcase name="should create fallback record" classname="com.atlasops.ai.domain.AIAnalysisRecordTest" time="0.011"/>
  <testcase name="should reject blank model" classname="com.atlasops.ai.domain.AIAnalysisRecordTest" time="0.004"/>
  <testcase name="should reject null tenantId" classname="com.atlasops.ai.domain.AIAnalysisRecordTest" time="0.035"/>
  <testcase name="should support entity equality by id" classname="com.atlasops.ai.domain.AIAnalysisRecordTest" time="0.004"/>
  <testcase name="should create valid AIAnalysisRecord with all fields" classname="com.atlasops.ai.domain.AIAnalysisRecordTest" time="0.002"/>
  <testcase name="should reject confidence score below 0.0" classname="com.atlasops.ai.domain.AIAnalysisRecordTest" time="0.024"/>
  <testcase name="should reject confidence score above 1.0" classname="com.atlasops.ai.domain.AIAnalysisRecordTest" time="0.015"/>
  <testcase name="should reject blank tenantId" classname="com.atlasops.ai.domain.AIAnalysisRecordTest" time="0.005"/>
  <testcase name="should accept boundary confidence scores" classname="com.atlasops.ai.domain.AIAnalysisRecordTest" time="0.005"/>
  <testcase name="should not be equal when different id" classname="com.atlasops.ai.domain.AIAnalysisRecordTest" time="0.03"/>
  <testcase name="should accept zero durationMs" classname="com.atlasops.ai.domain.AIAnalysisRecordTest" time="0.004"/>
  <testcase name="should reject null inputHash" classname="com.atlasops.ai.domain.AIAnalysisRecordTest" time="0.021"/>
  <testcase name="should make chunksUsed immutable" classname="com.atlasops.ai.domain.AIAnalysisRecordTest" time="0.01"/>
  <testcase name="should reject null model" classname="com.atlasops.ai.domain.AIAnalysisRecordTest" time="0.005"/>
  <system-out><![CDATA[]]></system-out>
  <system-err><![CDATA[]]></system-err>
</testsuite>
