<?xml version="1.0" encoding="UTF-8"?>
<testsuite name="com.atlasops.ai.domain.MutableActionApprovalPropertyTest" tests="4" skipped="0" failures="0" errors="0" timestamp="2026-07-18T07:51:58" hostname="AIRW64S3XT3" time="0.25">
  <properties/>
  <testcase name="allActionTypes shouldBeMutable" classname="com.atlasops.ai.domain.MutableActionApprovalPropertyTest" time="0.037"/>
  <testcase name="createFromAnalysis shouldAlwaysSetStatusToPendingApproval" classname="com.atlasops.ai.domain.MutableActionApprovalPropertyTest" time="0.085"/>
  <testcase name="createFromAnalysis shouldHaveNullDecisionFieldsUntilApproval" classname="com.atlasops.ai.domain.MutableActionApprovalPropertyTest" time="0.05"/>
  <testcase name="createFromAnalysis shouldAlwaysContainAllRequiredFields" classname="com.atlasops.ai.domain.MutableActionApprovalPropertyTest" time="0.066"/>
  <system-out><![CDATA[timestamp = 2026-07-18T04:51:58.709400900, MutableActionApprovalPropertyTest:allActionTypes shouldBeMutable = 
                              |-----------------------jqwik-----------------------
tries = 3                     | # of calls to property
checks = 3                    | # of not rejected calls
generation = EXHAUSTIVE       | parameters are exhaustively generated
after-failure = SAMPLE_FIRST  | try previously failed sample, then previous seed
when-fixed-seed = ALLOW       | fixing the random seed is allowed
edge-cases#mode = MIXIN       | edge cases are mixed in
edge-cases#total = 0          | # of all combined edge cases
edge-cases#tried = 0          | # of edge cases tried in current run
seed = -4681648665486581227   | random seed to reproduce generated values


timestamp = 2026-07-18T04:51:58.803970900, MutableActionApprovalPropertyTest:createFromAnalysis shouldAlwaysSetStatusToPendingApproval = 
                              |-----------------------jqwik-----------------------
tries = 100                   | # of calls to property
checks = 100                  | # of not rejected calls
generation = RANDOMIZED       | parameters are randomly generated
after-failure = SAMPLE_FIRST  | try previously failed sample, then previous seed
when-fixed-seed = ALLOW       | fixing the random seed is allowed
edge-cases#mode = MIXIN       | edge cases are mixed in
edge-cases#total = 96         | # of all combined edge cases
edge-cases#tried = 16         | # of edge cases tried in current run
seed = -1389621669381756244   | random seed to reproduce generated values


timestamp = 2026-07-18T04:51:58.856871700, MutableActionApprovalPropertyTest:createFromAnalysis shouldHaveNullDecisionFieldsUntilApproval = 
                              |-----------------------jqwik-----------------------
tries = 100                   | # of calls to property
checks = 100                  | # of not rejected calls
generation = RANDOMIZED       | parameters are randomly generated
after-failure = SAMPLE_FIRST  | try previously failed sample, then previous seed
when-fixed-seed = ALLOW       | fixing the random seed is allowed
edge-cases#mode = MIXIN       | edge cases are mixed in
edge-cases#total = 96         | # of all combined edge cases
edge-cases#tried = 13         | # of edge cases tried in current run
seed = -1629652465580399722   | random seed to reproduce generated values


timestamp = 2026-07-18T04:51:58.923069500, MutableActionApprovalPropertyTest:createFromAnalysis shouldAlwaysContainAllRequiredFields = 
                              |-----------------------jqwik-----------------------
tries = 100                   | # of calls to property
checks = 100                  | # of not rejected calls
generation = RANDOMIZED       | parameters are randomly generated
after-failure = SAMPLE_FIRST  | try previously failed sample, then previous seed
when-fixed-seed = ALLOW       | fixing the random seed is allowed
edge-cases#mode = MIXIN       | edge cases are mixed in
edge-cases#total = 96         | # of all combined edge cases
edge-cases#tried = 14         | # of edge cases tried in current run
seed = -5526735105445351181   | random seed to reproduce generated values


]]></system-out>
  <system-err><![CDATA[]]></system-err>
</testsuite>
