<?xml version="1.0" encoding="UTF-8"?>
<testsuite name="com.atlasops.ai.domain.PromptVersionSelectionPropertyTest" tests="6" skipped="0" failures="0" errors="0" timestamp="2026-07-18T07:51:58" hostname="AIRW64S3XT3" time="1.726">
  <properties/>
  <testcase name="findActiveByName shouldAlwaysReturnTheActiveVersion" classname="com.atlasops.ai.domain.PromptVersionSelectionPropertyTest" time="0.362"/>
  <testcase name="templates shouldHaveSequentialNumericVersions" classname="com.atlasops.ai.domain.PromptVersionSelectionPropertyTest" time="0.205"/>
  <testcase name="findAllByName shouldReturnAllVersionsOrderedDescending" classname="com.atlasops.ai.domain.PromptVersionSelectionPropertyTest" time="0.528"/>
  <testcase name="templateSet shouldHaveExactlyOneActiveVersionPerName" classname="com.atlasops.ai.domain.PromptVersionSelectionPropertyTest" time="0.057"/>
  <testcase name="findActiveByName shouldNeverReturnInactiveVersion" classname="com.atlasops.ai.domain.PromptVersionSelectionPropertyTest" time="0.222"/>
  <testcase name="activeVersion shouldHaveCorrectVersionIdentifierFormat" classname="com.atlasops.ai.domain.PromptVersionSelectionPropertyTest" time="0.309"/>
  <system-out><![CDATA[timestamp = 2026-07-18T04:51:59.288736400, PromptVersionSelectionPropertyTest:findActiveByName shouldAlwaysReturnTheActiveVersion = 
                              |-----------------------jqwik-----------------------
tries = 100                   | # of calls to property
checks = 100                  | # of not rejected calls
generation = RANDOMIZED       | parameters are randomly generated
after-failure = SAMPLE_FIRST  | try previously failed sample, then previous seed
when-fixed-seed = ALLOW       | fixing the random seed is allowed
edge-cases#mode = MIXIN       | edge cases are mixed in
edge-cases#total = 26         | # of all combined edge cases
edge-cases#tried = 21         | # of edge cases tried in current run
seed = -4013022561375235976   | random seed to reproduce generated values


timestamp = 2026-07-18T04:51:59.474304600, PromptVersionSelectionPropertyTest:templates shouldHaveSequentialNumericVersions = 
                              |-----------------------jqwik-----------------------
tries = 100                   | # of calls to property
checks = 100                  | # of not rejected calls
generation = RANDOMIZED       | parameters are randomly generated
after-failure = SAMPLE_FIRST  | try previously failed sample, then previous seed
when-fixed-seed = ALLOW       | fixing the random seed is allowed
edge-cases#mode = MIXIN       | edge cases are mixed in
edge-cases#total = 26         | # of all combined edge cases
edge-cases#tried = 15         | # of edge cases tried in current run
seed = -6414353334889046890   | random seed to reproduce generated values


timestamp = 2026-07-18T04:52:00.023524300, PromptVersionSelectionPropertyTest:findAllByName shouldReturnAllVersionsOrderedDescending = 
                              |-----------------------jqwik-----------------------
tries = 100                   | # of calls to property
checks = 100                  | # of not rejected calls
generation = RANDOMIZED       | parameters are randomly generated
after-failure = SAMPLE_FIRST  | try previously failed sample, then previous seed
when-fixed-seed = ALLOW       | fixing the random seed is allowed
edge-cases#mode = MIXIN       | edge cases are mixed in
edge-cases#total = 26         | # of all combined edge cases
edge-cases#tried = 16         | # of edge cases tried in current run
seed = -1299372273718847419   | random seed to reproduce generated values


timestamp = 2026-07-18T04:52:00.080856300, PromptVersionSelectionPropertyTest:templateSet shouldHaveExactlyOneActiveVersionPerName = 
                              |-----------------------jqwik-----------------------
tries = 100                   | # of calls to property
checks = 100                  | # of not rejected calls
generation = RANDOMIZED       | parameters are randomly generated
after-failure = SAMPLE_FIRST  | try previously failed sample, then previous seed
when-fixed-seed = ALLOW       | fixing the random seed is allowed
edge-cases#mode = MIXIN       | edge cases are mixed in
edge-cases#total = 26         | # of all combined edge cases
edge-cases#tried = 21         | # of edge cases tried in current run
seed = 6301930737851631572    | random seed to reproduce generated values


timestamp = 2026-07-18T04:52:00.289322, PromptVersionSelectionPropertyTest:findActiveByName shouldNeverReturnInactiveVersion = 
                              |-----------------------jqwik-----------------------
tries = 100                   | # of calls to property
checks = 100                  | # of not rejected calls
generation = RANDOMIZED       | parameters are randomly generated
after-failure = SAMPLE_FIRST  | try previously failed sample, then previous seed
when-fixed-seed = ALLOW       | fixing the random seed is allowed
edge-cases#mode = MIXIN       | edge cases are mixed in
edge-cases#total = 26         | # of all combined edge cases
edge-cases#tried = 12         | # of edge cases tried in current run
seed = -4380214917032014510   | random seed to reproduce generated values


timestamp = 2026-07-18T04:52:00.626191900, PromptVersionSelectionPropertyTest:activeVersion shouldHaveCorrectVersionIdentifierFormat = 
                              |-----------------------jqwik-----------------------
tries = 100                   | # of calls to property
checks = 100                  | # of not rejected calls
generation = RANDOMIZED       | parameters are randomly generated
after-failure = SAMPLE_FIRST  | try previously failed sample, then previous seed
when-fixed-seed = ALLOW       | fixing the random seed is allowed
edge-cases#mode = MIXIN       | edge cases are mixed in
edge-cases#total = 26         | # of all combined edge cases
edge-cases#tried = 14         | # of edge cases tried in current run
seed = 6615803415172238237    | random seed to reproduce generated values


]]></system-out>
  <system-err><![CDATA[]]></system-err>
</testsuite>
