<?xml version="1.0" encoding="UTF-8"?>
<testsuite name="DocumentIngestionAdapter" tests="11" skipped="0" failures="0" errors="0" timestamp="2026-07-18T07:51:51" hostname="AIRW64S3XT3" time="0.958">
  <properties/>
  <testcase name="should include descriptive reason in failure for blank content" classname="com.atlasops.ai.infrastructure.DocumentIngestionAdapterTest" time="0.404"/>
  <testcase name="content=&quot;null&quot;" classname="com.atlasops.ai.infrastructure.DocumentIngestionAdapterTest" time="0.197"/>
  <testcase name="content=&quot;&quot;" classname="com.atlasops.ai.infrastructure.DocumentIngestionAdapterTest" time="0.004"/>
  <testcase name="content=&quot;   &quot;" classname="com.atlasops.ai.infrastructure.DocumentIngestionAdapterTest" time="0.004"/>
  <testcase name="content=&quot;&#9;&quot;" classname="com.atlasops.ai.infrastructure.DocumentIngestionAdapterTest" time="0.013"/>
  <testcase name="content=&quot;&#10;&quot;" classname="com.atlasops.ai.infrastructure.DocumentIngestionAdapterTest" time="0.004"/>
  <testcase name="content=&quot;  &#9;&#10;  &quot;" classname="com.atlasops.ai.infrastructure.DocumentIngestionAdapterTest" time="0.003"/>
  <testcase name="should not generate embeddings when document has no text" classname="com.atlasops.ai.infrastructure.DocumentIngestionAdapterTest" time="0.004"/>
  <testcase name="should return SUCCESS when document has valid text content" classname="com.atlasops.ai.infrastructure.DocumentIngestionAdapterTest" time="0.02"/>
  <testcase name="should throw when documentId is blank" classname="com.atlasops.ai.infrastructure.DocumentIngestionAdapterTest" time="0.006"/>
  <testcase name="should throw when documentId is null" classname="com.atlasops.ai.infrastructure.DocumentIngestionAdapterTest" time="0.004"/>
  <system-out><![CDATA[04:51:51.922 [Test worker] INFO com.atlasops.ai.infrastructure.DocumentIngestionAdapter -- Document doc-blank rejected: no extractable text content
04:51:52.350 [Test worker] INFO com.atlasops.ai.infrastructure.DocumentIngestionAdapter -- Document doc-123 rejected: no extractable text content
04:51:52.372 [Test worker] INFO com.atlasops.ai.infrastructure.DocumentIngestionAdapter -- Document doc-123 rejected: no extractable text content
04:51:52.401 [Test worker] INFO com.atlasops.ai.infrastructure.DocumentIngestionAdapter -- Document doc-123 rejected: no extractable text content
04:51:52.445 [Test worker] INFO com.atlasops.ai.infrastructure.DocumentIngestionAdapter -- Document doc-123 rejected: no extractable text content
04:51:52.455 [Test worker] INFO com.atlasops.ai.infrastructure.DocumentIngestionAdapter -- Document doc-123 rejected: no extractable text content
04:51:52.461 [Test worker] INFO com.atlasops.ai.infrastructure.DocumentIngestionAdapter -- Document doc-123 rejected: no extractable text content
04:51:52.467 [Test worker] INFO com.atlasops.ai.infrastructure.DocumentIngestionAdapter -- Document doc-no-text rejected: no extractable text content
04:51:52.482 [Test worker] INFO com.atlasops.ai.infrastructure.DocumentIngestionAdapter -- Document doc-valid ingested successfully: 1 chunks created
]]></system-out>
  <system-err><![CDATA[]]></system-err>
</testsuite>
