<?xml version="1.0" encoding="UTF-8"?>
<testsuite name="AnalysisResult domain record" tests="9" skipped="0" failures="0" errors="0" timestamp="2026-07-18T07:51:49" hostname="AIRW64S3XT3" time="0.079">
  <properties/>
  <testcase name="should reject negative durationMs" classname="com.atlasops.ai.domain.AnalysisResultTest" time="0.005"/>
  <testcase name="should accept boundary confidence scores 0.0 and 1.0" classname="com.atlasops.ai.domain.AnalysisResultTest" time="0.003"/>
  <testcase name="should create fallback result" classname="com.atlasops.ai.domain.AnalysisResultTest" time="0.003"/>
  <testcase name="should reject confidence score above 1.0" classname="com.atlasops.ai.domain.AnalysisResultTest" time="0.01"/>
  <testcase name="should reject confidence score below 0.0" classname="com.atlasops.ai.domain.AnalysisResultTest" time="0.014"/>
  <testcase name="should reject null chunksUsed" classname="com.atlasops.ai.domain.AnalysisResultTest" time="0.004"/>
  <testcase name="should reject null result text" classname="com.atlasops.ai.domain.AnalysisResultTest" time="0.004"/>
  <testcase name="should make chunksUsed immutable" classname="com.atlasops.ai.domain.AnalysisResultTest" time="0.004"/>
  <testcase name="should create valid AnalysisResult with all fields" classname="com.atlasops.ai.domain.AnalysisResultTest" time="0.006"/>
  <system-out><![CDATA[]]></system-out>
  <system-err><![CDATA[]]></system-err>
</testsuite>
